e:\decentralized-interactive-lan-chat\src\x64\release\main.obj
e:\decentralized-interactive-lan-chat\src\x64\release\nicknamedialog.obj
e:\decentralized-interactive-lan-chat\src\x64\release\moc_connection.obj
e:\decentralized-interactive-lan-chat\src\x64\release\moc_server.obj
e:\decentralized-interactive-lan-chat\src\x64\release\connection.obj
e:\decentralized-interactive-lan-chat\src\x64\release\transmitter.obj
e:\decentralized-interactive-lan-chat\src\x64\release\moc_transmitter.obj
e:\decentralized-interactive-lan-chat\src\x64\release\client.obj
e:\decentralized-interactive-lan-chat\src\x64\release\moc_client.obj
e:\decentralized-interactive-lan-chat\src\x64\release\moc_mainwindow.obj
e:\decentralized-interactive-lan-chat\src\x64\release\mainwindow.obj
e:\decentralized-interactive-lan-chat\src\x64\release\server.obj
e:\decentralized-interactive-lan-chat\src\x64\release\moc_nicknamedialog.obj
e:\decentralized-interactive-lan-chat\src\release\moc_predefs.h
e:\decentralized-interactive-lan-chat\src\generatedfiles\release\moc_client.cpp
e:\decentralized-interactive-lan-chat\src\generatedfiles\release\moc_connection.cpp
e:\decentralized-interactive-lan-chat\src\generatedfiles\release\moc_mainwindow.cpp
e:\decentralized-interactive-lan-chat\src\generatedfiles\release\moc_nicknamedialog.cpp
e:\decentralized-interactive-lan-chat\src\generatedfiles\release\moc_server.cpp
e:\decentralized-interactive-lan-chat\src\generatedfiles\release\moc_transmitter.cpp
e:\decentralized-interactive-lan-chat\src\generatedfiles\ui_mainwindow.h
e:\decentralized-interactive-lan-chat\src\generatedfiles\ui_nicknamedialog.h
e:\decentralized-interactive-lan-chat\src\release\decentralized-interactive-lan-chat.exe
e:\decentralized-interactive-lan-chat\src\.\generatedfiles\release\moc_client.cpp
e:\decentralized-interactive-lan-chat\src\.\generatedfiles\release\moc_connection.cpp
e:\decentralized-interactive-lan-chat\src\.\generatedfiles\release\moc_mainwindow.cpp
e:\decentralized-interactive-lan-chat\src\.\generatedfiles\release\moc_nicknamedialog.cpp
e:\decentralized-interactive-lan-chat\src\.\generatedfiles\release\moc_server.cpp
e:\decentralized-interactive-lan-chat\src\.\generatedfiles\release\moc_transmitter.cpp
e:\decentralized-interactive-lan-chat\src\.\generatedfiles\ui_mainwindow.h
e:\decentralized-interactive-lan-chat\src\.\generatedfiles\ui_nicknamedialog.h
e:\decentralized-interactive-lan-chat\src\x64\release\decentra.19ab07e3.tlog\cl.command.1.tlog
e:\decentralized-interactive-lan-chat\src\x64\release\decentra.19ab07e3.tlog\cl.read.1.tlog
e:\decentralized-interactive-lan-chat\src\x64\release\decentra.19ab07e3.tlog\cl.write.1.tlog
e:\decentralized-interactive-lan-chat\src\x64\release\decentra.19ab07e3.tlog\custombuild.command.1.tlog
e:\decentralized-interactive-lan-chat\src\x64\release\decentra.19ab07e3.tlog\custombuild.read.1.tlog
e:\decentralized-interactive-lan-chat\src\x64\release\decentra.19ab07e3.tlog\custombuild.write.1.tlog
e:\decentralized-interactive-lan-chat\src\x64\release\decentra.19ab07e3.tlog\decentralized-interactive-lan-chat.write.1u.tlog
e:\decentralized-interactive-lan-chat\src\x64\release\decentra.19ab07e3.tlog\link.command.1.tlog
e:\decentralized-interactive-lan-chat\src\x64\release\decentra.19ab07e3.tlog\link.read.1.tlog
e:\decentralized-interactive-lan-chat\src\x64\release\decentra.19ab07e3.tlog\link.write.1.tlog
e:\decentralized-interactive-lan-chat\src\x64\release\decentra.19ab07e3.tlog\qtmoc.read.1u.tlog
e:\decentralized-interactive-lan-chat\src\x64\release\decentra.19ab07e3.tlog\qtmoc.write.1u.tlog
e:\decentralized-interactive-lan-chat\src\x64\release\decentra.19ab07e3.tlog\qtuic.read.1u.tlog
e:\decentralized-interactive-lan-chat\src\x64\release\decentra.19ab07e3.tlog\qtuic.write.1u.tlog
